<?xml version="1.0" encoding="UTF-8"?>
<testng-results ignored="0" total="1" passed="1" failed="0" skipped="0">
  <reporter-output>
  </reporter-output>
  <suite started-at="2022-04-14T15:26:34 CST" name="Default suite" finished-at="2022-04-14T15:27:16 CST" duration-ms="41778">
    <groups>
    </groups>
    <test started-at="2022-04-14T15:26:34 CST" name="Default test" finished-at="2022-04-14T15:27:16 CST" duration-ms="41778">
      <class name="MyTestSet.MyWebTest">
        <test-method signature="MyTest()[pri:0, instance:MyTestSet.MyWebTest@6a400542]" started-at="2022-04-14T15:26:34 CST" name="MyTest" finished-at="2022-04-14T15:27:16 CST" duration-ms="41664" status="PASS">
          <reporter-output>
          </reporter-output>
        </test-method> <!-- MyTest -->
      </class> <!-- MyTestSet.MyWebTest -->
    </test> <!-- Default test -->
  </suite> <!-- Default suite -->
</testng-results>
